<?xml version="1.0" encoding="UTF-8"?>
<!-- Generated by org.testng.reporters.JUnitXMLReporter -->
<testsuite ignored="0" hostname="AMIT" failures="5" tests="7" name="BankingApp Test" time="65.852" errors="0" timestamp="2022-06-12T12:32:08 IST">
  <testcase classname="com.inetBankingV1.TestCases.TC_loginTest_001" name="loginTest" time="2.075"/>
  <testcase classname="com.inetBankingV1.TestCases.TC_loginDDT_002" name="loginDDT" time="4.956">
    <failure type="java.lang.AssertionError" message="expected [true] but found [false]">
      <![CDATA[java.lang.AssertionError: expected [true] but found [false]
at com.inetBankingV1.TestCases.TC_loginDDT_002.loginDDT(TC_loginDDT_002.java:26)
at java.base/java.util.ArrayList.forEach(ArrayList.java:1511)
... Removed 29 stack frames]]>
    </failure>
  </testcase> <!-- loginDDT -->
  <testcase classname="com.inetBankingV1.TestCases.TC_loginDDT_002" name="loginDDT" time="10.445"/>
  <testcase classname="com.inetBankingV1.TestCases.TC_loginDDT_002" name="loginDDT" time="5.501">
    <failure type="java.lang.AssertionError" message="expected [true] but found [false]">
      <![CDATA[java.lang.AssertionError: expected [true] but found [false]
at com.inetBankingV1.TestCases.TC_loginDDT_002.loginDDT(TC_loginDDT_002.java:26)
at java.base/java.util.ArrayList.forEach(ArrayList.java:1511)
... Removed 29 stack frames]]>
    </failure>
  </testcase> <!-- loginDDT -->
  <testcase classname="com.inetBankingV1.TestCases.TC_loginDDT_002" name="loginDDT" time="4.743">
    <failure type="java.lang.AssertionError" message="expected [true] but found [false]">
      <![CDATA[java.lang.AssertionError: expected [true] but found [false]
at com.inetBankingV1.TestCases.TC_loginDDT_002.loginDDT(TC_loginDDT_002.java:26)
at java.base/java.util.ArrayList.forEach(ArrayList.java:1511)
... Removed 29 stack frames]]>
    </failure>
  </testcase> <!-- loginDDT -->
  <testcase classname="com.inetBankingV1.TestCases.TC_loginDDT_002" name="loginDDT" time="5.322">
    <failure type="java.lang.AssertionError" message="expected [true] but found [false]">
      <![CDATA[java.lang.AssertionError: expected [true] but found [false]
at com.inetBankingV1.TestCases.TC_loginDDT_002.loginDDT(TC_loginDDT_002.java:26)
at java.base/java.util.ArrayList.forEach(ArrayList.java:1511)
... Removed 29 stack frames]]>
    </failure>
  </testcase> <!-- loginDDT -->
  <testcase classname="com.inetBankingV1.TestCases.TC_AddCustomerTest_003" name="addNewCustomer" time="15.626">
    <failure type="java.lang.AssertionError" message="expected [true] but found [false]">
      <![CDATA[java.lang.AssertionError: expected [true] but found [false]
at com.inetBankingV1.TestCases.TC_AddCustomerTest_003.addNewCustomer(TC_AddCustomerTest_003.java:64)
at java.base/java.util.ArrayList.forEach(ArrayList.java:1511)
... Removed 29 stack frames]]>
    </failure>
  </testcase> <!-- addNewCustomer -->
</testsuite> <!-- BankingApp Test -->
